2021-10-30 16:04:29 INFO  Home:16 - Uygulama düzgün olarak başladı
2021-10-30 16:04:33 INFO  Shop:15 - Alışveriş Sayfası Açıldığı Doğrulandı
2021-10-30 16:04:36 INFO  Category:13 - Kategoriler sayfasında olduğu doğrulandı
2021-10-30 16:04:56 INFO  ProductDetail:13 - Product detail sayfasında olduğu doğrulandı
2021-10-30 16:04:57 INFO  Login:13 - login sayfası doğrulandı
2021-10-30 16:59:53 INFO  Home:16 - Uygulama düzgün olarak başladı
2021-10-30 16:59:56 INFO  Shop:15 - Alışveriş Sayfası Açıldığı Doğrulandı
2021-10-30 17:00:00 INFO  Category:13 - Kategoriler sayfasında olduğu doğrulandı
2021-10-30 17:00:20 INFO  ProductDetail:13 - Product detail sayfasında olduğu doğrulandı
2021-10-30 17:00:22 INFO  Login:13 - login sayfası doğrulandı
2021-10-30 17:03:05 INFO  Home:16 - Uygulama düzgün olarak başladı
2021-10-30 17:03:09 INFO  Shop:15 - Alışveriş Sayfası Açıldığı Doğrulandı
2021-10-30 17:03:12 INFO  Category:13 - Kategoriler sayfasında olduğu doğrulandı
2021-10-30 17:03:32 INFO  ProductDetail:13 - Product detail sayfasında olduğu doğrulandı
2021-10-30 17:03:33 INFO  Login:13 - login sayfası doğrulandı
2021-10-30 17:20:49 INFO  Home:14 - Uygulama ayağa kalktı
2021-10-30 17:20:52 INFO  Shop:13 - Alışveriş Sayfası Açıldı
2021-10-30 17:20:56 INFO  Category:13 - Kategoriler sayfasındasınız.
2021-10-30 17:21:16 INFO  ProductDetail:13 - Product detail sayfasında olduğu doğrulandı
2021-10-30 17:21:17 INFO  Login:13 - login sayfası doğrulandı
