{"logLevel":"debug","message":"multithreading is set to false"}
{"logLevel":"debug","message":"Using reflection to scan dependencies for gauge implementations..."}
SLF4J: No SLF4J providers were found.
SLF4J: Defaulting to no-operation (NOP) logger implementation
SLF4J: See http://www.slf4j.org/codes.html#noProviders for further details.
SLF4J: Class path contains SLF4J bindings targeting slf4j-api versions prior to 1.8.
SLF4J: Ignoring binding found at [jar:file:/C:/Users/testinium/.m2/repository/org/slf4j/slf4j-log4j12/1.7.30/slf4j-log4j12-1.7.30.jar!/org/slf4j/impl/StaticLoggerBinder.class]
SLF4J: See http://www.slf4j.org/codes.html#ignoredBindings for an explanation.
{"logLevel":"debug","message":"gauge-java took 1100milliseconds to load and scan. This should be less than 'runner_connection_timeout' config value."}
{"logLevel":"debug","message":"run 'gauge config runner_connection_timeout' and verify that it is < 1100"}
{"logLevel":"debug","message":"starting gRPC server..."}
{"logLevel":"debug","message":"started gRPC server on port 53167"}
{"logLevel":"info","message":"Listening on port:53167"}
{"logLevel":"debug","message":"Scanning packages for steps"}
{"logLevel":"debug","message":"Comparing 'org.example.pages.Login.checkLogin' and 'org.example.pages.Login.checkLogin'"}
{"logLevel":"debug","message":"Found Login page doğrulama in current project scope."}
{"logLevel":"debug","message":"Comparing 'org.example.pages.Shop.checkShopping' and 'org.example.pages.Shop.checkShopping'"}
{"logLevel":"debug","message":"Found Alışveriş Sayfası Doğrula in current project scope."}
{"logLevel":"debug","message":"Comparing 'org.example.StepImplementation.clickElementByid' and 'org.example.StepImplementation.clickElementByid'"}
{"logLevel":"debug","message":"Found {} İd'li elemente tıkla in current project scope."}
{"logLevel":"debug","message":"Comparing 'org.example.StepImplementation.clickElementByxpath' and 'org.example.StepImplementation.clickElementByxpath'"}
{"logLevel":"debug","message":"Found {} xpath'li elemente tıkla in current project scope."}
{"logLevel":"debug","message":"Comparing 'org.example.pages.ProductDetail.checkProductDetail' and 'org.example.pages.ProductDetail.checkProductDetail'"}
{"logLevel":"debug","message":"Found Product detail sayfası doğrulama in current project scope."}
{"logLevel":"debug","message":"Comparing 'org.example.StepImplementation.ScrollRandomPos' and 'org.example.StepImplementation.ScrollRandomPos'"}
{"logLevel":"debug","message":"Found sayfa boyunca scroll et in current project scope."}
{"logLevel":"debug","message":"Comparing 'org.example.StepImplementation.waitSeconds' and 'org.example.StepImplementation.waitSeconds'"}
{"logLevel":"debug","message":"Found {} saniye bekle in current project scope."}
{"logLevel":"debug","message":"Comparing 'org.example.StepImplementation.SendkeyElementByid' and 'org.example.StepImplementation.SendkeyElementByid'"}
{"logLevel":"debug","message":"Found {} İd'li elemente {} değerini yaz in current project scope."}
{"logLevel":"debug","message":"Comparing 'org.example.StepImplementation.findAllProducts' and 'org.example.StepImplementation.findAllProducts'"}
{"logLevel":"debug","message":"Found {} xpath'te bulunan sayfada görünen tüm ürünleri bul ve rastgele bir ürüne tıkla in current project scope."}
{"logLevel":"debug","message":"Comparing 'org.example.pages.Category.checkCategoryPage' and 'org.example.pages.Category.checkCategoryPage'"}
{"logLevel":"debug","message":"Found Kategori Sayfası Kontrol in current project scope."}
{"logLevel":"debug","message":"Comparing 'org.example.StepImplementation.addToBasket' and 'org.example.StepImplementation.addToBasket'"}
{"logLevel":"debug","message":"Found Sepete ekle in current project scope."}
{"logLevel":"debug","message":"Comparing 'org.example.pages.Home.open' and 'org.example.pages.Home.open'"}
{"logLevel":"debug","message":"Found Açılış Sayfası Kontrol in current project scope."}
{"logLevel":"debug","message":"Scanning packages for hooks"}
{"logLevel":"debug","message":"Scanned steps (using static parsing + reflections): "}
{"logLevel":"debug","message":"\tSepete ekle : public void addToBasket()"}
{"logLevel":"debug","message":"\t{} xpath'li elemente tıkla : public void clickElementByxpath(String Key)"}
{"logLevel":"debug","message":"\tKategori Sayfası Kontrol : public void checkCategoryPage()"}
{"logLevel":"debug","message":"\tAlışveriş Sayfası Doğrula : public void checkShopping()"}
{"logLevel":"debug","message":"\tAçılış Sayfası Kontrol : public void open()"}
{"logLevel":"debug","message":"\t{} İd'li elemente {} değerini yaz : public void SendkeyElementByid(String Key, String keyword)"}
{"logLevel":"debug","message":"\tProduct detail sayfası doğrulama : public void checkProductDetail()"}
{"logLevel":"debug","message":"\tsayfa boyunca scroll et : public void ScrollRandomPos()"}
{"logLevel":"debug","message":"\t{} saniye bekle : public void waitSeconds(ınt seconds)"}
{"logLevel":"debug","message":"\t{} xpath'te bulunan sayfada görünen tüm ürünleri bul ve rastgele bir ürüne tıkla : public void findAllProducts(String Key)"}
{"logLevel":"debug","message":"\tLogin page doğrulama : public void checkLogin()"}
{"logLevel":"debug","message":"\t{} İd'li elemente tıkla : public void clickElementByid(String Key)"}
Android  testi basliyor
Eki 30, 2021 5:03:00 PM io.appium.java_client.remote.AppiumCommandExecutor$1 lambda$0
INFO: Detected dialect: W3C
{"logLevel":"debug","message":"Executing '{} saniye bekle' using 'class org.example.StepImplementation.waitSeconds"}
{"logLevel":"debug","message":"Executing 'Açılış Sayfası Kontrol' using 'class org.example.pages.Home.open"}
{"logLevel":"debug","message":"Executing '{} İd'li elemente tıkla' using 'class org.example.StepImplementation.clickElementByid"}
By.id: com.ozdilek.ozdilekteyim:id/tv_startShoppingStore --> elementin tiklanabilir olmasi bekleniyor
com.ozdilek.ozdilekteyim:id/tv_startShoppingStoreElementine tiklandi
{"logLevel":"debug","message":"Executing '{} saniye bekle' using 'class org.example.StepImplementation.waitSeconds"}
{"logLevel":"debug","message":"Executing 'Alışveriş Sayfası Doğrula' using 'class org.example.pages.Shop.checkShopping"}
{"logLevel":"debug","message":"Executing '{} İd'li elemente tıkla' using 'class org.example.StepImplementation.clickElementByid"}
By.id: com.ozdilek.ozdilekteyim:id/nav_categories --> elementin tiklanabilir olmasi bekleniyor
com.ozdilek.ozdilekteyim:id/nav_categoriesElementine tiklandi
{"logLevel":"debug","message":"Executing '{} saniye bekle' using 'class org.example.StepImplementation.waitSeconds"}
{"logLevel":"debug","message":"Executing 'Kategori Sayfası Kontrol' using 'class org.example.pages.Category.checkCategoryPage"}
{"logLevel":"debug","message":"Executing '{} xpath'li elemente tıkla' using 'class org.example.StepImplementation.clickElementByxpath"}
By.xpath: //android.widget.RelativeLayout[@index=1] --> elementin tiklanabilir olmasi bekleniyor
//android.widget.RelativeLayout[@index=1]Elementine tiklandi
{"logLevel":"debug","message":"Executing '{} saniye bekle' using 'class org.example.StepImplementation.waitSeconds"}
{"logLevel":"debug","message":"Executing '{} xpath'li elemente tıkla' using 'class org.example.StepImplementation.clickElementByxpath"}
By.xpath: //android.widget.TextView[@text='Pantolon'] --> elementin tiklanabilir olmasi bekleniyor
//android.widget.TextView[@text='Pantolon']Elementine tiklandi
{"logLevel":"debug","message":"Executing '{} saniye bekle' using 'class org.example.StepImplementation.waitSeconds"}
{"logLevel":"debug","message":"Executing 'sayfa boyunca scroll et' using 'class org.example.StepImplementation.ScrollRandomPos"}
{"logLevel":"debug","message":"Executing '{} saniye bekle' using 'class org.example.StepImplementation.waitSeconds"}
{"logLevel":"debug","message":"Executing 'sayfa boyunca scroll et' using 'class org.example.StepImplementation.ScrollRandomPos"}
{"logLevel":"debug","message":"Executing '{} saniye bekle' using 'class org.example.StepImplementation.waitSeconds"}
{"logLevel":"debug","message":"Executing '{} xpath'te bulunan sayfada görünen tüm ürünleri bul ve rastgele bir ürüne tıkla' using 'class org.example.StepImplementation.findAllProducts"}
{"logLevel":"debug","message":"Executing '{} saniye bekle' using 'class org.example.StepImplementation.waitSeconds"}
{"logLevel":"debug","message":"Executing 'Product detail sayfası doğrulama' using 'class org.example.pages.ProductDetail.checkProductDetail"}
{"logLevel":"debug","message":"Executing '{} İd'li elemente tıkla' using 'class org.example.StepImplementation.clickElementByid"}
By.id: com.ozdilek.ozdilekteyim:id/imgFav --> elementin tiklanabilir olmasi bekleniyor
com.ozdilek.ozdilekteyim:id/imgFavElementine tiklandi
{"logLevel":"debug","message":"Executing 'Login page doğrulama' using 'class org.example.pages.Login.checkLogin"}
{"logLevel":"debug","message":"Executing '{} saniye bekle' using 'class org.example.StepImplementation.waitSeconds"}
{"logLevel":"debug","message":"Executing '{} İd'li elemente {} değerini yaz' using 'class org.example.StepImplementation.SendkeyElementByid"}
com.ozdilek.ozdilekteyim:id/etEpostaElementine tiklandi
{"logLevel":"debug","message":"Executing '{} saniye bekle' using 'class org.example.StepImplementation.waitSeconds"}
{"logLevel":"debug","message":"Executing '{} İd'li elemente {} değerini yaz' using 'class org.example.StepImplementation.SendkeyElementByid"}
com.ozdilek.ozdilekteyim:id/etPasswordElementine tiklandi
{"logLevel":"debug","message":"Executing '{} saniye bekle' using 'class org.example.StepImplementation.waitSeconds"}
{"logLevel":"debug","message":"Executing '{} İd'li elemente tıkla' using 'class org.example.StepImplementation.clickElementByid"}
By.id: com.ozdilek.ozdilekteyim:id/btnLogin --> elementin tiklanabilir olmasi bekleniyor
com.ozdilek.ozdilekteyim:id/btnLoginElementine tiklandi
{"logLevel":"debug","message":"Executing '{} İd'li elemente tıkla' using 'class org.example.StepImplementation.clickElementByid"}
By.id: com.ozdilek.ozdilekteyim:id/ivBack --> elementin tiklanabilir olmasi bekleniyor
com.ozdilek.ozdilekteyim:id/ivBackElementine tiklandi
{"logLevel":"debug","message":"Executing '{} saniye bekle' using 'class org.example.StepImplementation.waitSeconds"}
{"logLevel":"debug","message":"Executing '{} İd'li elemente tıkla' using 'class org.example.StepImplementation.clickElementByid"}
By.id: com.ozdilek.ozdilekteyim:id/ivBack --> elementin tiklanabilir olmasi bekleniyor
com.ozdilek.ozdilekteyim:id/ivBackElementine tiklandi
{"logLevel":"debug","message":"Executing '{} saniye bekle' using 'class org.example.StepImplementation.waitSeconds"}
{"logLevel":"debug","message":"Executing '{} xpath'te bulunan sayfada görünen tüm ürünleri bul ve rastgele bir ürüne tıkla' using 'class org.example.StepImplementation.findAllProducts"}
{"logLevel":"debug","message":"Executing '{} saniye bekle' using 'class org.example.StepImplementation.waitSeconds"}
{"logLevel":"debug","message":"Executing 'Sepete ekle' using 'class org.example.StepImplementation.addToBasket"}
By.xpath: //androidx.recyclerview.widget.RecyclerView//android.widget.RelativeLayout[@index=0] --> elementin tiklanabilir olmasi bekleniyor
//androidx.recyclerview.widget.RecyclerView//android.widget.RelativeLayout[@index=0]Elementine tiklandi
By.id: com.ozdilek.ozdilekteyim:id/relLayAddCartBtn --> elementin tiklanabilir olmasi bekleniyor
com.ozdilek.ozdilekteyim:id/relLayAddCartBtnElementine tiklandi
{"logLevel":"debug","message":"Executing '{} saniye bekle' using 'class org.example.StepImplementation.waitSeconds"}
{"logLevel":"debug","message":"Killing Java runner..."}
{"logLevel":"debug","message":"Stopping execution pool..."}
{"logLevel":"debug","message":"Shutting down grpc server..."}
{"logLevel":"debug","message":"Runner killed gracefully."}
